2014-04-30 13:30:37,486 DEBUG [TryAllTours] - Find optimal tour: [vertex=1, tour=[]
2014-04-30 13:30:37,493 DEBUG [TryAllTours] - Checking edge: 1->2 (8.0)
2014-04-30 13:30:37,494 DEBUG [TryAllTours] - Find optimal tour: [vertex=2, tour=[1->2 (8.0)]
2014-04-30 13:30:37,494 DEBUG [TryAllTours] - Checking edge: 2->3 (5.0)
2014-04-30 13:30:37,494 DEBUG [TryAllTours] - Find optimal tour: [vertex=3, tour=[1->2 (8.0), 2->3 (5.0)]
2014-04-30 13:30:37,494 DEBUG [TryAllTours] - Checking edge: 3->4 (3.0)
2014-04-30 13:30:37,495 DEBUG [TryAllTours] - Find optimal tour: [vertex=4, tour=[1->2 (8.0), 2->3 (5.0), 3->4 (3.0)]
2014-04-30 13:30:37,495 DEBUG [TryAllTours] - Checking tour for edges: [1->2 (8.0), 2->3 (5.0), 3->4 (3.0), 4->1 (26.0)], cost=42.0
2014-04-30 13:30:37,495 DEBUG [TryAllTours] - Checking edge: 2->4 (2.0)
2014-04-30 13:30:37,496 DEBUG [TryAllTours] - Find optimal tour: [vertex=4, tour=[1->2 (8.0), 2->4 (2.0)]
2014-04-30 13:30:37,496 DEBUG [TryAllTours] - Checking edge: 4->3 (3.0)
2014-04-30 13:30:37,496 DEBUG [TryAllTours] - Find optimal tour: [vertex=3, tour=[1->2 (8.0), 2->4 (2.0), 4->3 (3.0)]
2014-04-30 13:30:37,496 DEBUG [TryAllTours] - Checking tour for edges: [1->2 (8.0), 2->4 (2.0), 4->3 (3.0), 3->1 (4.0)], cost=17.0
2014-04-30 13:30:37,496 DEBUG [TryAllTours] - Checking edge: 1->3 (4.0)
2014-04-30 13:30:37,497 DEBUG [TryAllTours] - Find optimal tour: [vertex=3, tour=[1->3 (4.0)]
2014-04-30 13:30:37,497 DEBUG [TryAllTours] - Checking edge: 3->2 (5.0)
2014-04-30 13:30:37,498 DEBUG [TryAllTours] - Find optimal tour: [vertex=2, tour=[1->3 (4.0), 3->2 (5.0)]
2014-04-30 13:30:37,499 DEBUG [TryAllTours] - Checking edge: 2->4 (2.0)
2014-04-30 13:30:37,499 DEBUG [TryAllTours] - Find optimal tour: [vertex=4, tour=[1->3 (4.0), 3->2 (5.0), 2->4 (2.0)]
2014-04-30 13:30:37,499 DEBUG [TryAllTours] - Checking tour for edges: [1->3 (4.0), 3->2 (5.0), 2->4 (2.0), 4->1 (26.0)], cost=37.0
2014-04-30 13:30:37,499 DEBUG [TryAllTours] - Checking edge: 3->4 (3.0)
2014-04-30 13:30:37,500 DEBUG [TryAllTours] - Find optimal tour: [vertex=4, tour=[1->3 (4.0), 3->4 (3.0)]
2014-04-30 13:30:37,500 DEBUG [TryAllTours] - Checking edge: 4->2 (2.0)
2014-04-30 13:30:37,500 DEBUG [TryAllTours] - Find optimal tour: [vertex=2, tour=[1->3 (4.0), 3->4 (3.0), 4->2 (2.0)]
2014-04-30 13:30:37,500 DEBUG [TryAllTours] - Checking tour for edges: [1->3 (4.0), 3->4 (3.0), 4->2 (2.0), 2->1 (8.0)], cost=17.0
2014-04-30 13:30:37,500 DEBUG [TryAllTours] - Checking edge: 1->4 (26.0)
2014-04-30 13:30:37,501 DEBUG [TryAllTours] - Find optimal tour: [vertex=4, tour=[1->4 (26.0)]
2014-04-30 13:30:37,501 DEBUG [TryAllTours] - Checking edge: 4->2 (2.0)
2014-04-30 13:30:37,501 DEBUG [TryAllTours] - Find optimal tour: [vertex=2, tour=[1->4 (26.0), 4->2 (2.0)]
2014-04-30 13:30:37,501 DEBUG [TryAllTours] - Checking edge: 2->3 (5.0)
2014-04-30 13:30:37,501 DEBUG [TryAllTours] - Find optimal tour: [vertex=3, tour=[1->4 (26.0), 4->2 (2.0), 2->3 (5.0)]
2014-04-30 13:30:37,502 DEBUG [TryAllTours] - Checking tour for edges: [1->4 (26.0), 4->2 (2.0), 2->3 (5.0), 3->1 (4.0)], cost=37.0
2014-04-30 13:30:37,502 DEBUG [TryAllTours] - Checking edge: 4->3 (3.0)
2014-04-30 13:30:37,504 DEBUG [TryAllTours] - Find optimal tour: [vertex=3, tour=[1->4 (26.0), 4->3 (3.0)]
2014-04-30 13:30:37,504 DEBUG [TryAllTours] - Checking edge: 3->2 (5.0)
2014-04-30 13:30:37,504 DEBUG [TryAllTours] - Find optimal tour: [vertex=2, tour=[1->4 (26.0), 4->3 (3.0), 3->2 (5.0)]
2014-04-30 13:30:37,505 DEBUG [TryAllTours] - Checking tour for edges: [1->4 (26.0), 4->3 (3.0), 3->2 (5.0), 2->1 (8.0)], cost=42.0
